
ROM used:   1137/8192 (14%)
            1137/8192 (14%) including unused fragments

            0.4 Average locations per line
            2.3 Average locations per statement

RAM used:   119/368 (32%) at main() level
            129/368 (35%) worst case

Stack used: 1 worst case (0 in main + 1 for interrupts)
Stack size: 8

Lines Stmts  %   Files
----- ----- ---  -----
  106    53  11  Reciever.c
  761     0   0  ..\..\..\..\..\..\Program Files (x86)\PICC\Devices\16F886.h
   23     0   0  serialinput.h
 1352   359  71  ..\..\..\..\..\..\Program Files (x86)\PICC\Drivers\stdlib.h
   32     0   0  ..\..\..\..\..\..\Program Files (x86)\PICC\Drivers\stddef.h
  435     0   0  ..\..\..\..\..\..\Program Files (x86)\PICC\Drivers\string.h
   28     0   0  ..\..\..\..\..\..\Program Files (x86)\PICC\Drivers\ctype.h
   37     0   0  ..\..\..\..\..\..\Program Files (x86)\PICC\Drivers\stdio.h
   86    92  18  serialinput.c
----- -----
 2860   504 Total

Page ROM  %  RAM    Vol Diff  Functions:
---- --- --- ---    --- ----  ----------
0     20   2    1     53  2.6  @delay_ms1
0    483  42   17   2143 10.4  MAIN
0      9   1    0    110  3.0  @const887
0    118  10    4    101  3.8  @PSTRINGC7_115200_62_63
0      9   1    0             @MEMSET
0     14   1    0     39  2.1  @const898
0     27   2    0   1068 10.5  @const904
0    124  11    5             @PSTRINGCN7_115200_62_63
0     93   8    9    696  9.3  @PRINTF_LU_115200_62_63
0     32   3    2             @PSTRINGR_115200_62_63
0      9   1    0   2254 10.4  @const911
0    118  10    3    965  8.2  ser_isr
 Inline         0             @cinit1

Program metrics:
    Functions               9
    Statements              504
    Comments                721
    Volume (V)              10297
    Difficulty (D)          60.5
    Effort to implement (E) 622958
    Time to implement (T)   9 hours, 37 minutes
    Est Delivered Bugs (B)  2
    Cyclomatic Complexity   36
    Maintainability (MI)    116

 Segment     Used  Free
-----------  ----  ----
00000-00003     4  0  
00004-00050    77  0  
00051-007FF  1056  911  
00800-00FFF     0  2048  
01000-017FF     0  2048  
01800-01FFF     0  2048  



