
ROM used:   345/8192 (4%)
            345/8192 (4%) including unused fragments

            0.4 Average locations per line
            11.9 Average locations per statement

RAM used:   63/368 (17%) at main() level
            65/368 (18%) worst case

Stack used: 1 worst case (1 in main + 0 for interrupts)
Stack size: 8

Lines Stmts  %   Files
----- ----- ---  -----
   73    29 100  project_r.c
  761     0   0  D:\Micro lab\PICC\Devices\16F886.h
----- -----
  834    29 Total

Page ROM  %  RAM    Vol Diff  Functions:
---- --- --- ---    --- ----  ----------
0     20   6    1    524  4.9  @delay_ms1
0    188  54    5    975  8.9  main
0      9   3    0    524  4.9  @const606
0     90  26    4    524  4.9  @PSTRINGC7_9600_62_63
0      9   3    0    524  4.9  @MEMSET
0     25   7    2    524  4.9  @PSTRINGR_9600_62_63
 Inline         0    524  4.9  @cinit1

Program metrics:
    Functions               7
    Statements              29
    Comments                145
    Volume (V)              6060
    Difficulty (D)          38.2
    Effort to implement (E) 231294
    Time to implement (T)   3 hours, 34 minutes
    Est Delivered Bugs (B)  1
    Cyclomatic Complexity   10
    Maintainability (MI)    147

 Segment     Used  Free
-----------  ----  ----
00000-00003     4  0  
00004-007FF   341  1703  
00800-00FFF     0  2048  
01000-017FF     0  2048  
01800-01FFF     0  2048  



