
ROM used:   663/8192 (8%)
            663/8192 (8%) including unused fragments

            0.5 Average locations per line
            19.5 Average locations per statement

RAM used:   64/368 (17%) at main() level
            71/368 (19%) worst case

Stack used: 0 worst case (0 in main + 0 for interrupts)
Stack size: 8

Lines Stmts  %   Files
----- ----- ---  -----
   75    34 100  project.c
  761     0   0  D:\Micro lab\PICC\Devices\16F886.h
   37     0   0  D:\Micro lab\PICC\Drivers\stdio.h
  435     0   0  D:\Micro lab\PICC\Drivers\string.h
   32     0   0  D:\Micro lab\PICC\Drivers\stddef.h
   28     0   0  D:\Micro lab\PICC\Drivers\ctype.h
----- -----
 1368    34 Total

Page ROM  %  RAM    Vol Diff  Functions:
---- --- --- ---    --- ----  ----------
0     32   5    5    140  5.0  strlen
0     20   3    1             @delay_ms1
0     77  12    3    475  6.2  decToBinary
0      6   1    0             @const701
0     88  13    4             @PSTRINGC7_9600_62_63
0    181  27    4    524  4.9  MAIN
0      9   1    0             @const712
0      4   1    0             @const713
0     10   2    0             @const716
0     89  13    5             @PSTRINGCN7_9600_62_63
0     21   3    3             @DIV88
0     93  14    6             @PRINTF_D_9600_62_63
0     25   4    2             @PSTRINGR_9600_62_63
0      4   1    0             @const727
 Inline         0             @cinit1

Program metrics:
    Functions               3
    Statements              34
    Comments                217
    Volume (V)              1466
    Difficulty (D)          14.2
    Effort to implement (E) 20856
    Time to implement (T)   19 minutes
    Est Delivered Bugs (B)  0
    Cyclomatic Complexity   4
    Maintainability (MI)    128

 Segment     Used  Free
-----------  ----  ----
00000-00003     4  0  
00004-007FF   659  1385  
00800-00FFF     0  2048  
01000-017FF     0  2048  
01800-01FFF     0  2048  



